action: GLOB, msg: packaging
cwd: /home/peng_luh/__github/search_l3s/search_l3s_gateway
cmd: /home/peng_luh/.pyenv/versions/3.9.5/bin/python3.9 setup.py sdist --formats=zip --dist-dir .tox/dist
running sdist
running egg_info
writing src/search_l3s_gateway.egg-info/PKG-INFO
writing dependency_links to src/search_l3s_gateway.egg-info/dependency_links.txt
writing requirements to src/search_l3s_gateway.egg-info/requires.txt
writing top-level names to src/search_l3s_gateway.egg-info/top_level.txt
reading manifest file 'src/search_l3s_gateway.egg-info/SOURCES.txt'
writing manifest file 'src/search_l3s_gateway.egg-info/SOURCES.txt'
running check
warning: check: missing required meta-data: url

creating search_l3s_gateway-0.1
creating search_l3s_gateway-0.1/src
creating search_l3s_gateway-0.1/src/search_l3s_gateway
creating search_l3s_gateway-0.1/src/search_l3s_gateway.egg-info
creating search_l3s_gateway-0.1/src/search_l3s_gateway/api
creating search_l3s_gateway-0.1/src/search_l3s_gateway/api/downstream
creating search_l3s_gateway-0.1/src/search_l3s_gateway/api/upstream
creating search_l3s_gateway-0.1/src/search_l3s_gateway/models
creating search_l3s_gateway-0.1/src/search_l3s_gateway/util
copying files to search_l3s_gateway-0.1...
copying README.md -> search_l3s_gateway-0.1
copying pyproject.toml -> search_l3s_gateway-0.1
copying setup.py -> search_l3s_gateway-0.1
copying src/search_l3s_gateway/__init__.py -> search_l3s_gateway-0.1/src/search_l3s_gateway
copying src/search_l3s_gateway/config.py -> search_l3s_gateway-0.1/src/search_l3s_gateway
copying src/search_l3s_gateway.egg-info/PKG-INFO -> search_l3s_gateway-0.1/src/search_l3s_gateway.egg-info
copying src/search_l3s_gateway.egg-info/SOURCES.txt -> search_l3s_gateway-0.1/src/search_l3s_gateway.egg-info
copying src/search_l3s_gateway.egg-info/dependency_links.txt -> search_l3s_gateway-0.1/src/search_l3s_gateway.egg-info
copying src/search_l3s_gateway.egg-info/requires.txt -> search_l3s_gateway-0.1/src/search_l3s_gateway.egg-info
copying src/search_l3s_gateway.egg-info/top_level.txt -> search_l3s_gateway-0.1/src/search_l3s_gateway.egg-info
copying src/search_l3s_gateway/api/__init__.py -> search_l3s_gateway-0.1/src/search_l3s_gateway/api
copying src/search_l3s_gateway/api/downstream/__init__.py -> search_l3s_gateway-0.1/src/search_l3s_gateway/api/downstream
copying src/search_l3s_gateway/api/downstream/dto.py -> search_l3s_gateway-0.1/src/search_l3s_gateway/api/downstream
copying src/search_l3s_gateway/api/downstream/endpoints.py -> search_l3s_gateway-0.1/src/search_l3s_gateway/api/downstream
copying src/search_l3s_gateway/api/downstream/logic.py -> search_l3s_gateway-0.1/src/search_l3s_gateway/api/downstream
copying src/search_l3s_gateway/api/upstream/__init__.py -> search_l3s_gateway-0.1/src/search_l3s_gateway/api/upstream
copying src/search_l3s_gateway/api/upstream/dto.py -> search_l3s_gateway-0.1/src/search_l3s_gateway/api/upstream
copying src/search_l3s_gateway/api/upstream/endpoints.py -> search_l3s_gateway-0.1/src/search_l3s_gateway/api/upstream
copying src/search_l3s_gateway/api/upstream/logic.py -> search_l3s_gateway-0.1/src/search_l3s_gateway/api/upstream
copying src/search_l3s_gateway/models/__init__.py -> search_l3s_gateway-0.1/src/search_l3s_gateway/models
copying src/search_l3s_gateway/models/user.py -> search_l3s_gateway-0.1/src/search_l3s_gateway/models
copying src/search_l3s_gateway/util/__init__.py -> search_l3s_gateway-0.1/src/search_l3s_gateway/util
copying src/search_l3s_gateway/util/datetime_util.py -> search_l3s_gateway-0.1/src/search_l3s_gateway/util
copying src/search_l3s_gateway/util/result.py -> search_l3s_gateway-0.1/src/search_l3s_gateway/util
Writing search_l3s_gateway-0.1/setup.cfg
creating '.tox/dist/search_l3s_gateway-0.1.zip' and adding 'search_l3s_gateway-0.1' to it
adding 'search_l3s_gateway-0.1'
adding 'search_l3s_gateway-0.1/src'
adding 'search_l3s_gateway-0.1/README.md'
adding 'search_l3s_gateway-0.1/pyproject.toml'
adding 'search_l3s_gateway-0.1/setup.cfg'
adding 'search_l3s_gateway-0.1/setup.py'
adding 'search_l3s_gateway-0.1/PKG-INFO'
adding 'search_l3s_gateway-0.1/src/search_l3s_gateway'
adding 'search_l3s_gateway-0.1/src/search_l3s_gateway.egg-info'
adding 'search_l3s_gateway-0.1/src/search_l3s_gateway/util'
adding 'search_l3s_gateway-0.1/src/search_l3s_gateway/models'
adding 'search_l3s_gateway-0.1/src/search_l3s_gateway/api'
adding 'search_l3s_gateway-0.1/src/search_l3s_gateway/config.py'
adding 'search_l3s_gateway-0.1/src/search_l3s_gateway/__init__.py'
adding 'search_l3s_gateway-0.1/src/search_l3s_gateway/util/result.py'
adding 'search_l3s_gateway-0.1/src/search_l3s_gateway/util/datetime_util.py'
adding 'search_l3s_gateway-0.1/src/search_l3s_gateway/util/__init__.py'
adding 'search_l3s_gateway-0.1/src/search_l3s_gateway/models/user.py'
adding 'search_l3s_gateway-0.1/src/search_l3s_gateway/models/__init__.py'
adding 'search_l3s_gateway-0.1/src/search_l3s_gateway/api/downstream'
adding 'search_l3s_gateway-0.1/src/search_l3s_gateway/api/upstream'
adding 'search_l3s_gateway-0.1/src/search_l3s_gateway/api/__init__.py'
adding 'search_l3s_gateway-0.1/src/search_l3s_gateway/api/downstream/dto.py'
adding 'search_l3s_gateway-0.1/src/search_l3s_gateway/api/downstream/logic.py'
adding 'search_l3s_gateway-0.1/src/search_l3s_gateway/api/downstream/endpoints.py'
adding 'search_l3s_gateway-0.1/src/search_l3s_gateway/api/downstream/__init__.py'
adding 'search_l3s_gateway-0.1/src/search_l3s_gateway/api/upstream/dto.py'
adding 'search_l3s_gateway-0.1/src/search_l3s_gateway/api/upstream/logic.py'
adding 'search_l3s_gateway-0.1/src/search_l3s_gateway/api/upstream/endpoints.py'
adding 'search_l3s_gateway-0.1/src/search_l3s_gateway/api/upstream/__init__.py'
adding 'search_l3s_gateway-0.1/src/search_l3s_gateway.egg-info/top_level.txt'
adding 'search_l3s_gateway-0.1/src/search_l3s_gateway.egg-info/dependency_links.txt'
adding 'search_l3s_gateway-0.1/src/search_l3s_gateway.egg-info/SOURCES.txt'
adding 'search_l3s_gateway-0.1/src/search_l3s_gateway.egg-info/requires.txt'
adding 'search_l3s_gateway-0.1/src/search_l3s_gateway.egg-info/PKG-INFO'
removing 'search_l3s_gateway-0.1' (and everything under it)
